\BOOKMARK [1][]{section*.1}{\376\377\000S\000u\000m\000m\000a\000r\000y}{}% 1
\BOOKMARK [1][]{section*.2}{\376\377\000E\000d\000u\000c\000a\000t\000i\000o\000n}{}% 2
\BOOKMARK [1][]{section*.3}{\376\377\000R\000e\000s\000e\000a\000r\000c\000h}{}% 3
\BOOKMARK [2][]{section*.4}{\376\377\000E\000x\000p\000e\000r\000i\000e\000n\000c\000e\000s}{section*.3}% 4
\BOOKMARK [2][]{section*.5}{\376\377\000F\000u\000n\000d\000i\000n\000g}{section*.3}% 5
\BOOKMARK [2][]{section*.6}{\376\377\000C\000o\000m\000m\000i\000t\000t\000e\000e\000s}{section*.3}% 6
\BOOKMARK [2][]{section*.7}{\376\377\000A\000w\000a\000r\000d\000s}{section*.3}% 7
\BOOKMARK [2][]{section*.8}{\376\377\000P\000u\000b\000l\000i\000c\000a\000t\000i\000o\000n\000s}{section*.3}% 8
\BOOKMARK [2][]{section*.9}{\376\377\000T\000r\000a\000i\000n\000i\000n\000g}{section*.3}% 9
\BOOKMARK [1][]{section*.10}{\376\377\000I\000n\000d\000u\000s\000t\000r\000y}{}% 10
\BOOKMARK [2][]{section*.11}{\376\377\000E\000x\000p\000e\000r\000i\000e\000n\000c\000e\000s}{section*.10}% 11
\BOOKMARK [2][]{section*.12}{\376\377\000C\000o\000m\000m\000i\000t\000t\000e\000e\000s}{section*.10}% 12
\BOOKMARK [2][]{section*.13}{\376\377\000S\000t\000a\000n\000d\000a\000r\000d\000s}{section*.10}% 13
\BOOKMARK [1][]{section*.14}{\376\377\000T\000e\000a\000c\000h\000i\000n\000g}{}% 14
\BOOKMARK [2][]{section*.15}{\376\377\000E\000x\000p\000e\000r\000i\000e\000n\000c\000e\000s}{section*.14}% 15
\BOOKMARK [2][]{section*.16}{\376\377\000P\000u\000b\000l\000i\000c\000\040\000E\000n\000g\000a\000g\000e\000m\000e\000n\000t}{section*.14}% 16
\BOOKMARK [2][]{section*.17}{\376\377\000T\000r\000a\000i\000n\000i\000n\000g}{section*.14}% 17
\BOOKMARK [1][]{section*.18}{\376\377\000O\000t\000h\000e\000r\000\040\000s\000k\000i\000l\000l\000s}{}% 18
\BOOKMARK [1][]{section*.19}{\376\377\000V\000i\000s\000a\000\040\000s\000t\000a\000t\000u\000s}{}% 19
\BOOKMARK [1][]{section*.20}{\376\377\000R\000e\000f\000e\000r\000e\000n\000c\000e\000s}{}% 20
